{"/Users/pangratios/Work/honeybadger/honeybadger-js/packages/vue/src/error-logging.js": {"path":"/Users/pangratios/Work/honeybadger/honeybadger-js/packages/vue/src/error-logging.js","statementMap":{"0":{"start":{"line":4,"column":18},"end":{"line":4,"column":68}},"1":{"start":{"line":6,"column":16},"end":{"line":6,"column":52}},"2":{"start":{"line":7,"column":2},"end":{"line":11,"column":3}},"3":{"start":{"line":8,"column":4},"end":{"line":8,"column":57}},"4":{"start":{"line":10,"column":4},"end":{"line":10,"column":51}}},"fnMap":{"0":{"name":"logError","decl":{"start":{"line":3,"column":16},"end":{"line":3,"column":24}},"loc":{"start":{"line":3,"column":48},"end":{"line":12,"column":1}},"line":3}},"branchMap":{"0":{"loc":{"start":{"line":4,"column":40},"end":{"line":4,"column":65}},"type":"binary-expr","locations":[{"start":{"line":4,"column":40},"end":{"line":4,"column":45}},{"start":{"line":4,"column":49},"end":{"line":4,"column":65}}],"line":4},"1":{"loc":{"start":{"line":6,"column":16},"end":{"line":6,"column":52}},"type":"cond-expr","locations":[{"start":{"line":6,"column":21},"end":{"line":6,"column":47}},{"start":{"line":6,"column":50},"end":{"line":6,"column":52}}],"line":6},"2":{"loc":{"start":{"line":7,"column":2},"end":{"line":11,"column":3}},"type":"if","locations":[{"start":{"line":7,"column":2},"end":{"line":11,"column":3}},{"start":{"line":9,"column":9},"end":{"line":11,"column":3}}],"line":7}},"s":{"0":0,"1":0,"2":0,"3":0,"4":0},"f":{"0":0},"b":{"0":[0,0],"1":[0,0],"2":[0,0]}}
,"/Users/pangratios/Work/honeybadger/honeybadger-js/packages/vue/src/index.js": {"path":"/Users/pangratios/Work/honeybadger/honeybadger-js/packages/vue/src/index.js","statementMap":{"0":{"start":{"line":5,"column":2},"end":{"line":7,"column":3}},"1":{"start":{"line":6,"column":4},"end":{"line":6,"column":15}},"2":{"start":{"line":9,"column":21},"end":{"line":9,"column":51}},"3":{"start":{"line":10,"column":21},"end":{"line":10,"column":51}},"4":{"start":{"line":11,"column":18},"end":{"line":11,"column":88}},"5":{"start":{"line":12,"column":2},"end":{"line":12,"column":30}},"6":{"start":{"line":16,"column":18},"end":{"line":16,"column":35}},"7":{"start":{"line":17,"column":15},"end":{"line":17,"column":52}},"8":{"start":{"line":18,"column":15},"end":{"line":18,"column":29}},"9":{"start":{"line":19,"column":21},"end":{"line":19,"column":93}},"10":{"start":{"line":23,"column":16},"end":{"line":23,"column":46}},"11":{"start":{"line":25,"column":2},"end":{"line":31,"column":3}},"12":{"start":{"line":35,"column":2},"end":{"line":37,"column":3}},"13":{"start":{"line":36,"column":4},"end":{"line":36,"column":64}},"14":{"start":{"line":38,"column":22},"end":{"line":38,"column":52}},"15":{"start":{"line":39,"column":2},"end":{"line":39,"column":32}},"16":{"start":{"line":42,"column":2},"end":{"line":44,"column":3}},"17":{"start":{"line":43,"column":4},"end":{"line":43,"column":44}},"18":{"start":{"line":46,"column":2},"end":{"line":49,"column":3}},"19":{"start":{"line":48,"column":4},"end":{"line":48,"column":58}},"20":{"start":{"line":50,"column":30},"end":{"line":50,"column":53}},"21":{"start":{"line":51,"column":2},"end":{"line":61,"column":3}},"22":{"start":{"line":52,"column":21},"end":{"line":52,"column":72}},"23":{"start":{"line":53,"column":4},"end":{"line":53,"column":39}},"24":{"start":{"line":54,"column":4},"end":{"line":56,"column":5}},"25":{"start":{"line":55,"column":6},"end":{"line":55,"column":52}},"26":{"start":{"line":58,"column":4},"end":{"line":60,"column":5}},"27":{"start":{"line":59,"column":6},"end":{"line":59,"column":36}}},"fnMap":{"0":{"name":"shouldLogError","decl":{"start":{"line":4,"column":9},"end":{"line":4,"column":23}},"loc":{"start":{"line":4,"column":39},"end":{"line":13,"column":1}},"line":4},"1":{"name":"extractContext","decl":{"start":{"line":15,"column":9},"end":{"line":15,"column":23}},"loc":{"start":{"line":15,"column":29},"end":{"line":32,"column":1}},"line":15},"2":{"name":"install","decl":{"start":{"line":34,"column":9},"end":{"line":34,"column":16}},"loc":{"start":{"line":34,"column":31},"end":{"line":62,"column":1}},"line":34},"3":{"name":"(anonymous_3)","decl":{"start":{"line":51,"column":28},"end":{"line":51,"column":29}},"loc":{"start":{"line":51,"column":49},"end":{"line":61,"column":3}},"line":51}},"branchMap":{"0":{"loc":{"start":{"line":5,"column":2},"end":{"line":7,"column":3}},"type":"if","locations":[{"start":{"line":5,"column":2},"end":{"line":7,"column":3}},{"start":{},"end":{}}],"line":5},"1":{"loc":{"start":{"line":11,"column":18},"end":{"line":11,"column":88}},"type":"binary-expr","locations":[{"start":{"line":11,"column":18},"end":{"line":11,"column":31}},{"start":{"line":11,"column":36},"end":{"line":11,"column":46}},{"start":{"line":11,"column":50},"end":{"line":11,"column":87}}],"line":11},"2":{"loc":{"start":{"line":12,"column":9},"end":{"line":12,"column":30}},"type":"binary-expr","locations":[{"start":{"line":12,"column":9},"end":{"line":12,"column":19}},{"start":{"line":12,"column":23},"end":{"line":12,"column":30}}],"line":12},"3":{"loc":{"start":{"line":16,"column":18},"end":{"line":16,"column":35}},"type":"binary-expr","locations":[{"start":{"line":16,"column":18},"end":{"line":16,"column":29}},{"start":{"line":16,"column":33},"end":{"line":16,"column":35}}],"line":16},"4":{"loc":{"start":{"line":17,"column":15},"end":{"line":17,"column":52}},"type":"binary-expr","locations":[{"start":{"line":17,"column":15},"end":{"line":17,"column":27}},{"start":{"line":17,"column":31},"end":{"line":17,"column":52}}],"line":17},"5":{"loc":{"start":{"line":19,"column":21},"end":{"line":19,"column":93}},"type":"cond-expr","locations":[{"start":{"line":19,"column":57},"end":{"line":19,"column":81}},{"start":{"line":19,"column":84},"end":{"line":19,"column":93}}],"line":19},"6":{"loc":{"start":{"line":19,"column":21},"end":{"line":19,"column":54}},"type":"binary-expr","locations":[{"start":{"line":19,"column":21},"end":{"line":19,"column":31}},{"start":{"line":19,"column":35},"end":{"line":19,"column":54}}],"line":19},"7":{"loc":{"start":{"line":23,"column":16},"end":{"line":23,"column":46}},"type":"binary-expr","locations":[{"start":{"line":23,"column":16},"end":{"line":23,"column":33}},{"start":{"line":23,"column":37},"end":{"line":23,"column":46}}],"line":23},"8":{"loc":{"start":{"line":35,"column":2},"end":{"line":37,"column":3}},"type":"if","locations":[{"start":{"line":35,"column":2},"end":{"line":37,"column":3}},{"start":{},"end":{}}],"line":35},"9":{"loc":{"start":{"line":42,"column":2},"end":{"line":44,"column":3}},"type":"if","locations":[{"start":{"line":42,"column":2},"end":{"line":44,"column":3}},{"start":{},"end":{}}],"line":42},"10":{"loc":{"start":{"line":46,"column":2},"end":{"line":49,"column":3}},"type":"if","locations":[{"start":{"line":46,"column":2},"end":{"line":49,"column":3}},{"start":{},"end":{}}],"line":46},"11":{"loc":{"start":{"line":46,"column":6},"end":{"line":46,"column":47}},"type":"binary-expr","locations":[{"start":{"line":46,"column":6},"end":{"line":46,"column":16}},{"start":{"line":46,"column":20},"end":{"line":46,"column":47}}],"line":46},"12":{"loc":{"start":{"line":54,"column":4},"end":{"line":56,"column":5}},"type":"if","locations":[{"start":{"line":54,"column":4},"end":{"line":56,"column":5}},{"start":{},"end":{}}],"line":54},"13":{"loc":{"start":{"line":58,"column":4},"end":{"line":60,"column":5}},"type":"if","locations":[{"start":{"line":58,"column":4},"end":{"line":60,"column":5}},{"start":{},"end":{}}],"line":58}},"s":{"0":0,"1":0,"2":0,"3":0,"4":0,"5":0,"6":0,"7":0,"8":0,"9":0,"10":0,"11":0,"12":0,"13":0,"14":0,"15":0,"16":0,"17":0,"18":0,"19":0,"20":0,"21":0,"22":0,"23":0,"24":0,"25":0,"26":0,"27":0},"f":{"0":0,"1":0,"2":0,"3":0},"b":{"0":[0,0],"1":[0,0,0],"2":[0,0],"3":[0,0],"4":[0,0],"5":[0,0],"6":[0,0],"7":[0,0],"8":[0,0],"9":[0,0],"10":[0,0],"11":[0,0],"12":[0,0],"13":[0,0]}}
,"/Users/pangratios/Work/honeybadger/honeybadger-js/packages/vue/src/vue-debug.js": {"path":"/Users/pangratios/Work/honeybadger/honeybadger-js/packages/vue/src/vue-debug.js","statementMap":{"0":{"start":{"line":6,"column":19},"end":{"line":6,"column":36}},"1":{"start":{"line":7,"column":17},"end":{"line":9,"column":23}},"2":{"start":{"line":7,"column":24},"end":{"line":9,"column":23}},"3":{"start":{"line":8,"column":28},"end":{"line":8,"column":43}},"4":{"start":{"line":11,"column":28},"end":{"line":31,"column":1}},"5":{"start":{"line":12,"column":2},"end":{"line":14,"column":3}},"6":{"start":{"line":13,"column":4},"end":{"line":13,"column":19}},"7":{"start":{"line":15,"column":18},"end":{"line":19,"column":16}},"8":{"start":{"line":20,"column":13},"end":{"line":20,"column":50}},"9":{"start":{"line":21,"column":15},"end":{"line":21,"column":29}},"10":{"start":{"line":22,"column":2},"end":{"line":25,"column":3}},"11":{"start":{"line":23,"column":18},"end":{"line":23,"column":47}},"12":{"start":{"line":24,"column":4},"end":{"line":24,"column":28}},"13":{"start":{"line":27,"column":2},"end":{"line":30,"column":3}},"14":{"start":{"line":33,"column":15},"end":{"line":41,"column":1}},"15":{"start":{"line":34,"column":12},"end":{"line":34,"column":14}},"16":{"start":{"line":35,"column":2},"end":{"line":39,"column":3}},"17":{"start":{"line":36,"column":4},"end":{"line":36,"column":31}},"18":{"start":{"line":36,"column":21},"end":{"line":36,"column":31}},"19":{"start":{"line":37,"column":4},"end":{"line":37,"column":25}},"20":{"start":{"line":37,"column":15},"end":{"line":37,"column":25}},"21":{"start":{"line":38,"column":4},"end":{"line":38,"column":11}},"22":{"start":{"line":40,"column":2},"end":{"line":40,"column":12}},"23":{"start":{"line":43,"column":38},"end":{"line":74,"column":1}},"24":{"start":{"line":44,"column":2},"end":{"line":73,"column":3}},"25":{"start":{"line":45,"column":17},"end":{"line":45,"column":19}},"26":{"start":{"line":46,"column":35},"end":{"line":46,"column":36}},"27":{"start":{"line":47,"column":4},"end":{"line":61,"column":5}},"28":{"start":{"line":48,"column":6},"end":{"line":58,"column":7}},"29":{"start":{"line":49,"column":21},"end":{"line":49,"column":42}},"30":{"start":{"line":50,"column":8},"end":{"line":57,"column":9}},"31":{"start":{"line":51,"column":10},"end":{"line":51,"column":36}},"32":{"start":{"line":52,"column":10},"end":{"line":52,"column":25}},"33":{"start":{"line":53,"column":10},"end":{"line":53,"column":18}},"34":{"start":{"line":54,"column":15},"end":{"line":57,"column":9}},"35":{"start":{"line":55,"column":10},"end":{"line":55,"column":66}},"36":{"start":{"line":56,"column":10},"end":{"line":56,"column":38}},"37":{"start":{"line":59,"column":6},"end":{"line":59,"column":19}},"38":{"start":{"line":60,"column":6},"end":{"line":60,"column":21}},"39":{"start":{"line":62,"column":4},"end":{"line":70,"column":17}},"40":{"start":{"line":63,"column":22},"end":{"line":69,"column":8}},"41":{"start":{"line":72,"column":4},"end":{"line":72,"column":54}}},"fnMap":{"0":{"name":"(anonymous_0)","decl":{"start":{"line":7,"column":17},"end":{"line":7,"column":18}},"loc":{"start":{"line":7,"column":24},"end":{"line":9,"column":23}},"line":7},"1":{"name":"(anonymous_1)","decl":{"start":{"line":8,"column":23},"end":{"line":8,"column":24}},"loc":{"start":{"line":8,"column":28},"end":{"line":8,"column":43}},"line":8},"2":{"name":"(anonymous_2)","decl":{"start":{"line":11,"column":28},"end":{"line":11,"column":29}},"loc":{"start":{"line":11,"column":49},"end":{"line":31,"column":1}},"line":11},"3":{"name":"(anonymous_3)","decl":{"start":{"line":33,"column":15},"end":{"line":33,"column":16}},"loc":{"start":{"line":33,"column":27},"end":{"line":41,"column":1}},"line":33},"4":{"name":"(anonymous_4)","decl":{"start":{"line":43,"column":38},"end":{"line":43,"column":39}},"loc":{"start":{"line":43,"column":44},"end":{"line":74,"column":1}},"line":43},"5":{"name":"(anonymous_5)","decl":{"start":{"line":63,"column":11},"end":{"line":63,"column":12}},"loc":{"start":{"line":63,"column":22},"end":{"line":69,"column":8}},"line":63}},"branchMap":{"0":{"loc":{"start":{"line":12,"column":2},"end":{"line":14,"column":3}},"type":"if","locations":[{"start":{"line":12,"column":2},"end":{"line":14,"column":3}},{"start":{},"end":{}}],"line":12},"1":{"loc":{"start":{"line":15,"column":18},"end":{"line":19,"column":16}},"type":"cond-expr","locations":[{"start":{"line":16,"column":6},"end":{"line":16,"column":16}},{"start":{"line":17,"column":6},"end":{"line":19,"column":16}}],"line":15},"2":{"loc":{"start":{"line":15,"column":18},"end":{"line":15,"column":60}},"type":"binary-expr","locations":[{"start":{"line":15,"column":18},"end":{"line":15,"column":42}},{"start":{"line":15,"column":46},"end":{"line":15,"column":60}}],"line":15},"3":{"loc":{"start":{"line":17,"column":6},"end":{"line":19,"column":16}},"type":"cond-expr","locations":[{"start":{"line":18,"column":8},"end":{"line":18,"column":45}},{"start":{"line":19,"column":8},"end":{"line":19,"column":16}}],"line":17},"4":{"loc":{"start":{"line":18,"column":8},"end":{"line":18,"column":45}},"type":"binary-expr","locations":[{"start":{"line":18,"column":8},"end":{"line":18,"column":19}},{"start":{"line":18,"column":23},"end":{"line":18,"column":45}}],"line":18},"5":{"loc":{"start":{"line":19,"column":8},"end":{"line":19,"column":16}},"type":"binary-expr","locations":[{"start":{"line":19,"column":8},"end":{"line":19,"column":10}},{"start":{"line":19,"column":14},"end":{"line":19,"column":16}}],"line":19},"6":{"loc":{"start":{"line":20,"column":13},"end":{"line":20,"column":50}},"type":"binary-expr","locations":[{"start":{"line":20,"column":13},"end":{"line":20,"column":25}},{"start":{"line":20,"column":29},"end":{"line":20,"column":50}}],"line":20},"7":{"loc":{"start":{"line":22,"column":2},"end":{"line":25,"column":3}},"type":"if","locations":[{"start":{"line":22,"column":2},"end":{"line":25,"column":3}},{"start":{},"end":{}}],"line":22},"8":{"loc":{"start":{"line":22,"column":6},"end":{"line":22,"column":19}},"type":"binary-expr","locations":[{"start":{"line":22,"column":6},"end":{"line":22,"column":11}},{"start":{"line":22,"column":15},"end":{"line":22,"column":19}}],"line":22},"9":{"loc":{"start":{"line":24,"column":11},"end":{"line":24,"column":28}},"type":"binary-expr","locations":[{"start":{"line":24,"column":11},"end":{"line":24,"column":16}},{"start":{"line":24,"column":20},"end":{"line":24,"column":28}}],"line":24},"10":{"loc":{"start":{"line":28,"column":5},"end":{"line":28,"column":49}},"type":"cond-expr","locations":[{"start":{"line":28,"column":12},"end":{"line":28,"column":33}},{"start":{"line":28,"column":36},"end":{"line":28,"column":49}}],"line":28},"11":{"loc":{"start":{"line":29,"column":5},"end":{"line":29,"column":55}},"type":"cond-expr","locations":[{"start":{"line":29,"column":37},"end":{"line":29,"column":50}},{"start":{"line":29,"column":53},"end":{"line":29,"column":55}}],"line":29},"12":{"loc":{"start":{"line":29,"column":5},"end":{"line":29,"column":34}},"type":"binary-expr","locations":[{"start":{"line":29,"column":5},"end":{"line":29,"column":9}},{"start":{"line":29,"column":13},"end":{"line":29,"column":34}}],"line":29},"13":{"loc":{"start":{"line":36,"column":4},"end":{"line":36,"column":31}},"type":"if","locations":[{"start":{"line":36,"column":4},"end":{"line":36,"column":31}},{"start":{},"end":{}}],"line":36},"14":{"loc":{"start":{"line":37,"column":4},"end":{"line":37,"column":25}},"type":"if","locations":[{"start":{"line":37,"column":4},"end":{"line":37,"column":25}},{"start":{},"end":{}}],"line":37},"15":{"loc":{"start":{"line":44,"column":2},"end":{"line":73,"column":3}},"type":"if","locations":[{"start":{"line":44,"column":2},"end":{"line":73,"column":3}},{"start":{"line":71,"column":9},"end":{"line":73,"column":3}}],"line":44},"16":{"loc":{"start":{"line":44,"column":6},"end":{"line":44,"column":29}},"type":"binary-expr","locations":[{"start":{"line":44,"column":6},"end":{"line":44,"column":15}},{"start":{"line":44,"column":19},"end":{"line":44,"column":29}}],"line":44},"17":{"loc":{"start":{"line":48,"column":6},"end":{"line":58,"column":7}},"type":"if","locations":[{"start":{"line":48,"column":6},"end":{"line":58,"column":7}},{"start":{},"end":{}}],"line":48},"18":{"loc":{"start":{"line":50,"column":8},"end":{"line":57,"column":9}},"type":"if","locations":[{"start":{"line":50,"column":8},"end":{"line":57,"column":9}},{"start":{"line":54,"column":15},"end":{"line":57,"column":9}}],"line":50},"19":{"loc":{"start":{"line":54,"column":15},"end":{"line":57,"column":9}},"type":"if","locations":[{"start":{"line":54,"column":15},"end":{"line":57,"column":9}},{"start":{},"end":{}}],"line":54},"20":{"loc":{"start":{"line":64,"column":8},"end":{"line":64,"column":50}},"type":"cond-expr","locations":[{"start":{"line":64,"column":18},"end":{"line":64,"column":25}},{"start":{"line":64,"column":28},"end":{"line":64,"column":50}}],"line":64},"21":{"loc":{"start":{"line":66,"column":8},"end":{"line":68,"column":35}},"type":"cond-expr","locations":[{"start":{"line":67,"column":12},"end":{"line":67,"column":73}},{"start":{"line":68,"column":12},"end":{"line":68,"column":35}}],"line":66}},"s":{"0":0,"1":0,"2":0,"3":0,"4":0,"5":0,"6":0,"7":0,"8":0,"9":0,"10":0,"11":0,"12":0,"13":0,"14":0,"15":0,"16":0,"17":0,"18":0,"19":0,"20":0,"21":0,"22":0,"23":0,"24":0,"25":0,"26":0,"27":0,"28":0,"29":0,"30":0,"31":0,"32":0,"33":0,"34":0,"35":0,"36":0,"37":0,"38":0,"39":0,"40":0,"41":0},"f":{"0":0,"1":0,"2":0,"3":0,"4":0,"5":0},"b":{"0":[0,0],"1":[0,0],"2":[0,0],"3":[0,0],"4":[0,0],"5":[0,0],"6":[0,0],"7":[0,0],"8":[0,0],"9":[0,0],"10":[0,0],"11":[0,0],"12":[0,0],"13":[0,0],"14":[0,0],"15":[0,0],"16":[0,0],"17":[0,0],"18":[0,0],"19":[0,0],"20":[0,0],"21":[0,0]}}
}
